<?xml version='1.0' encoding='UTF-8'?>
<testsuite hostname="runnervmwhb2z" name="map.WorldMapGeneratorTest" tests="9" errors="0" failures="0" skipped="0" time="7.542" timestamp="2025-10-25T09:40:41">
          <properties>
[...]
</properties>
          <testcase classname="map.WorldMapGeneratorTest" name="generateWorldMap combines terrain, rivers, paths, and dungeons" time="1.629">
                      
                    </testcase><testcase classname="map.WorldMapGeneratorTest" name="world map tiles have correct priority: dungeons &gt; paths &gt; rivers &gt; terrain" time="0.097">
                      
                    </testcase><testcase classname="map.WorldMapGeneratorTest" name="verifyTraversability checks reachability between dungeon entrances" time="1.102">
                      
                    </testcase><testcase classname="map.WorldMapGeneratorTest" name="describeWorldMap provides comprehensive AI-readable output" time="0.717">
                      
                    </testcase><testcase classname="map.WorldMapGeneratorTest" name="world map without dungeons still generates terrain and rivers" time="0.045">
                      
                    </testcase><testcase classname="map.WorldMapGeneratorTest" name="world map with multiple dungeons generates paths to each" time="1.871">
                      
                    </testcase><testcase classname="map.WorldMapGeneratorTest" name="rivers flow in non-straight lines with curviness" time="0.098">
                      
                    </testcase><testcase classname="map.WorldMapGeneratorTest" name="traversability report identifies unreachable areas" time="0.012">
                      
                    </testcase><testcase classname="map.WorldMapGeneratorTest" name="complete open world RPG scenario - grass, dirt, rivers, and dungeons" time="1.971">
                      
                    </testcase>
          <system-out><![CDATA[]]></system-out>
          <system-err><![CDATA[]]></system-err>
        </testsuite>