<?xml version='1.0' encoding='UTF-8'?>
<testsuite hostname="runnervm3ublj" name="game.PerkSystemTest" tests="10" errors="0" failures="0" skipped="0" time="0.157" timestamp="2025-09-26T11:08:16">
          <properties>
[...]
</properties>
          <testcase classname="game.PerkSystemTest" name="Basic perks are always available at level up" time="0.012">
                      
                    </testcase><testcase classname="game.PerkSystemTest" name="Random perk selection returns exactly 3 perks when more are available" time="0.002">
                      
                    </testcase><testcase classname="game.PerkSystemTest" name="Already owned perks are not offered again" time="0.002">
                      
                    </testcase><testcase classname="game.PerkSystemTest" name="Battle Hardened perk becomes available after taking damage" time="0.007">
                      
                    </testcase><testcase classname="game.PerkSystemTest" name="Improved Fortification requires level 3 and Fortified perk" time="0.002">
                      
                    </testcase><testcase classname="game.PerkSystemTest" name="Slime Bane perk becomes available after killing slimes" time="0.003">
                      
                    </testcase><testcase classname="game.PerkSystemTest" name="Bow Mastery perk becomes available after bow usage" time="0.005">
                      
                    </testcase><testcase classname="game.PerkSystemTest" name="Scroll Mastery perk becomes available after scroll usage" time="0.006">
                      
                    </testcase><testcase classname="game.PerkSystemTest" name="Perk requirements check all conditions correctly" time="0.001">
                      
                    </testcase><testcase classname="game.PerkSystemTest" name="Leveling up shows random selection of available perks" time="0.117">
                      
                    </testcase>
          <system-out><![CDATA[]]></system-out>
          <system-err><![CDATA[]]></system-err>
        </testsuite>