<?xml version='1.0' encoding='UTF-8'?>
<testsuite hostname="runnervmf4ws1" name="comprehensive.FinalComprehensiveGameTest" tests="17" errors="0" failures="0" skipped="0" time="0.331" timestamp="2025-09-18T10:01:32">
          <properties>
[...]
</properties>
          <testcase classname="comprehensive.FinalComprehensiveGameTest" name="Player movement system works correctly" time="0.071">
                      
                    </testcase><testcase classname="comprehensive.FinalComprehensiveGameTest" name="Player movement with collision detection" time="0.052">
                      
                    </testcase><testcase classname="comprehensive.FinalComprehensiveGameTest" name="Initiative system controls turn order" time="0.007">
                      
                    </testcase><testcase classname="comprehensive.FinalComprehensiveGameTest" name="Player readiness determines action capability" time="0.01">
                      
                    </testcase><testcase classname="comprehensive.FinalComprehensiveGameTest" name="Potion usage heals player correctly" time="0.012">
                      
                    </testcase><testcase classname="comprehensive.FinalComprehensiveGameTest" name="Multiple potions and full health scenarios" time="0.013">
                      
                    </testcase><testcase classname="comprehensive.FinalComprehensiveGameTest" name="Bow and arrow ranged combat" time="0.039">
                      
                    </testcase><testcase classname="comprehensive.FinalComprehensiveGameTest" name="Fireball scroll area damage" time="0.04">
                      
                    </testcase><testcase classname="comprehensive.FinalComprehensiveGameTest" name="Experience gain from enemy defeats" time="0.002">
                      
                    </testcase><testcase classname="comprehensive.FinalComprehensiveGameTest" name="Leveling up and perk selection" time="0.006">
                      
                    </testcase><testcase classname="comprehensive.FinalComprehensiveGameTest" name="Key collection and door opening" time="0.016">
                      
                    </testcase><testcase classname="comprehensive.FinalComprehensiveGameTest" name="Equipment system: equipping armor provides damage reduction" time="0.011">
                      
                    </testcase><testcase classname="comprehensive.FinalComprehensiveGameTest" name="Item pickup and usage workflow: find potion, pick it up, then use it" time="0.004">
                      
                    </testcase><testcase classname="comprehensive.FinalComprehensiveGameTest" name="Complex equipment and item workflow: equip armor then use healing item" time="0.011">
                      
                    </testcase><testcase classname="comprehensive.FinalComprehensiveGameTest" name="Complete gameplay workflow: heal, fight, level, unlock" time="0.012">
                      
                    </testcase><testcase classname="comprehensive.FinalComprehensiveGameTest" name="Game stability under rapid actions" time="0.022">
                      
                    </testcase><testcase classname="comprehensive.FinalComprehensiveGameTest" name="Empty inventory and edge case handling" time="0.003">
                      
                    </testcase>
          <system-out><![CDATA[]]></system-out>
          <system-err><![CDATA[]]></system-err>
        </testsuite>