<?xml version='1.0' encoding='UTF-8'?>
<testsuite hostname="pkrvmccyg1gnepe" name="game.entity.EntityTest" tests="10" errors="0" failures="0" skipped="0" time="0.014" timestamp="2025-08-31T15:34:58">
          <properties>
[...]
</properties>
          <testcase classname="game.entity.EntityTest" name="adding a new component should store it in the components map" time="0.005">
                      
                    </testcase><testcase classname="game.entity.EntityTest" name="adding a component should not modify the original entity" time="0.001">
                      
                    </testcase><testcase classname="game.entity.EntityTest" name="adding multiple components of different types should store all of them" time="0.001">
                      
                    </testcase><testcase classname="game.entity.EntityTest" name="removing a component should remove it from the components map" time="0.001">
                      
                    </testcase><testcase classname="game.entity.EntityTest" name="removing a component should not modify the original entity" time="0.001">
                      
                    </testcase><testcase classname="game.entity.EntityTest" name="removing a non-existent component should not affect the entity" time="0.0">
                      
                    </testcase><testcase classname="game.entity.EntityTest" name="getting an existing component should return it" time="0.001">
                      
                    </testcase><testcase classname="game.entity.EntityTest" name="getting a non-existent component should return None" time="0.0">
                      
                    </testcase><testcase classname="game.entity.EntityTest" name="updating an existing component should modify it" time="0.004">
                      
                    </testcase><testcase classname="game.entity.EntityTest" name="updating a non-existent component should not affect the entity" time="0.0">
                      
                    </testcase>
          <system-out><![CDATA[]]></system-out>
          <system-err><![CDATA[]]></system-err>
        </testsuite>