<?xml version='1.0' encoding='UTF-8'?>
<testsuite hostname="pkrvmccyg1gnepe" name="game.system.EquipmentSystemTest" tests="19" errors="0" failures="0" skipped="0" time="0.104" timestamp="2025-08-31T15:34:57">
          <properties>
[...]
</properties>
          <testcase classname="game.system.EquipmentSystemTest" name="Player should start with empty equipment" time="0.003">
                      
                    </testcase><testcase classname="game.system.EquipmentSystemTest" name="Equipment component should calculate total damage reduction correctly" time="0.002">
                      
                    </testcase><testcase classname="game.system.EquipmentSystemTest" name="Equipment component should equip helmet correctly" time="0.001">
                      
                    </testcase><testcase classname="game.system.EquipmentSystemTest" name="Equipment component should equip armor correctly" time="0.003">
                      
                    </testcase><testcase classname="game.system.EquipmentSystemTest" name="Equipment component should replace existing helmet when equipping new one" time="0.001">
                      
                    </testcase><testcase classname="game.system.EquipmentSystemTest" name="Equipment component should unequip helmet correctly" time="0.002">
                      
                    </testcase><testcase classname="game.system.EquipmentSystemTest" name="Equipment component should unequip armor correctly" time="0.0">
                      
                    </testcase><testcase classname="game.system.EquipmentSystemTest" name="Player entity should equip item correctly using extension method" time="0.001">
                      
                    </testcase><testcase classname="game.system.EquipmentSystemTest" name="EquipmentSystem should equip adjacent equipment item" time="0.008">
                      
                    </testcase><testcase classname="game.system.EquipmentSystemTest" name="EquipmentSystem should show message when no equipment nearby" time="0.001">
                      
                    </testcase><testcase classname="game.system.EquipmentSystemTest" name="DamageSystem should reduce damage based on equipment" time="0.004">
                      
                    </testcase><testcase classname="game.system.EquipmentSystemTest" name="DamageSystem should ensure minimum 1 damage even with high armor" time="0.001">
                      
                    </testcase><testcase classname="game.system.EquipmentSystemTest" name="DamageSystem should combine equipment and status effect damage reduction" time="0.001">
                      
                    </testcase><testcase classname="game.system.EquipmentSystemTest" name="Player should equip equipment via GameController using Q key" time="0.064">
                      
                    </testcase><testcase classname="game.system.EquipmentSystemTest" name="Equipment should provide different damage reduction values" time="0.001">
                      
                    </testcase><testcase classname="game.system.EquipmentSystemTest" name="Equipment should have correct slot assignments" time="0.0">
                      
                    </testcase><testcase classname="game.system.EquipmentSystemTest" name="InventorySystem should NOT auto-pickup equippable items when walked over" time="0.001">
                      
                    </testcase><testcase classname="game.system.EquipmentSystemTest" name="InventorySystem should still auto-pickup non-equippable items when walked over" time="0.004">
                      
                    </testcase><testcase classname="game.system.EquipmentSystemTest" name="EquipmentSystem should drop currently equipped item when equipping new item to same slot" time="0.006">
                      
                    </testcase>
          <system-out><![CDATA[]]></system-out>
          <system-err><![CDATA[]]></system-err>
        </testsuite>